[2019-02-19 07:55:15][xvsN6O13YeV73a6IJo2z6J6BBgZYgLvB] Processing: App\Notifications\MailConfirmation
[2019-02-19 07:55:17][xvsN6O13YeV73a6IJo2z6J6BBgZYgLvB] Processed:  App\Notifications\MailConfirmation
[2019-02-19 07:55:26][yEqM3rJihfwYwU5vUKr6y2fSzX2Utt4f] Processing: App\Notifications\MailConfirmation
[2019-02-19 07:55:27][yEqM3rJihfwYwU5vUKr6y2fSzX2Utt4f] Processed:  App\Notifications\MailConfirmation
[2019-02-21 09:12:55][DOdwHYkZIxE9puSG2CxHIdau41F5Pvm6] Processing: App\Notifications\MailConfirmation
[2019-02-21 09:12:57][DOdwHYkZIxE9puSG2CxHIdau41F5Pvm6] Processed:  App\Notifications\MailConfirmation
[2019-02-21 09:59:09][QWdwBbTzUZQUlJ6VSKmWsZSQtFba5WvU] Processing: App\Notifications\MailConfirmation
[2019-02-21 09:59:09][QWdwBbTzUZQUlJ6VSKmWsZSQtFba5WvU] Processing: App\Notifications\MailConfirmation
[2019-02-21 09:59:09][QWdwBbTzUZQUlJ6VSKmWsZSQtFba5WvU] Processing: App\Notifications\MailConfirmation
[2019-02-21 09:59:09][QWdwBbTzUZQUlJ6VSKmWsZSQtFba5WvU] Failed:     App\Notifications\MailConfirmation
[2019-02-21 10:00:39][Mk8QLD33CABUSxS2JzNhr09Hi9YjaTaq] Processing: App\Notifications\MailConfirmation
[2019-02-21 10:00:39][Mk8QLD33CABUSxS2JzNhr09Hi9YjaTaq] Processing: App\Notifications\MailConfirmation
[2019-02-21 10:00:39][Mk8QLD33CABUSxS2JzNhr09Hi9YjaTaq] Processing: App\Notifications\MailConfirmation
[2019-02-21 10:00:39][Mk8QLD33CABUSxS2JzNhr09Hi9YjaTaq] Failed:     App\Notifications\MailConfirmation
[2019-02-21 10:02:00][BcMZ7fQeKCK8tswc81qh4nZL5peduwl9] Processing: App\Notifications\MailConfirmation
[2019-02-21 10:02:00][BcMZ7fQeKCK8tswc81qh4nZL5peduwl9] Processing: App\Notifications\MailConfirmation
[2019-02-21 10:02:00][BcMZ7fQeKCK8tswc81qh4nZL5peduwl9] Processing: App\Notifications\MailConfirmation
[2019-02-21 10:02:00][BcMZ7fQeKCK8tswc81qh4nZL5peduwl9] Failed:     App\Notifications\MailConfirmation
[2019-02-21 10:02:30][2kRjVorgEl8UsokPE56v67HASDnDsNoC] Processing: App\Notifications\MailConfirmation
[2019-02-21 10:02:30][2kRjVorgEl8UsokPE56v67HASDnDsNoC] Processing: App\Notifications\MailConfirmation
[2019-02-21 10:02:30][2kRjVorgEl8UsokPE56v67HASDnDsNoC] Processing: App\Notifications\MailConfirmation
[2019-02-21 10:02:30][2kRjVorgEl8UsokPE56v67HASDnDsNoC] Failed:     App\Notifications\MailConfirmation
[2019-02-21 10:04:30][gNaRKR5XBaFoqdbHkK2km8qF9Wb2quWK] Processing: App\Notifications\MailConfirmation
[2019-02-21 10:04:32][gNaRKR5XBaFoqdbHkK2km8qF9Wb2quWK] Processed:  App\Notifications\MailConfirmation
[2019-02-21 10:06:59][t0bOQ1nLtoLnARol1lwC5lWpJv3uFtrX] Processing: App\Notifications\MailConfirmation
[2019-02-21 10:07:01][t0bOQ1nLtoLnARol1lwC5lWpJv3uFtrX] Processed:  App\Notifications\MailConfirmation
[2019-02-21 10:19:08][a4CrsJ4N614FmYKpcaq2UexbYuUyCz6Y] Processing: App\Notifications\MailConfirmation
[2019-02-21 10:19:08][a4CrsJ4N614FmYKpcaq2UexbYuUyCz6Y] Processing: App\Notifications\MailConfirmation
[2019-02-21 10:19:08][a4CrsJ4N614FmYKpcaq2UexbYuUyCz6Y] Processing: App\Notifications\MailConfirmation
[2019-02-21 10:19:08][a4CrsJ4N614FmYKpcaq2UexbYuUyCz6Y] Failed:     App\Notifications\MailConfirmation
[2019-02-21 10:27:17][YuwgqjxyACBLkFj0ZolWua7NDIcJKKUP] Processing: App\Notifications\MailConfirmation
[2019-02-21 10:27:19][YuwgqjxyACBLkFj0ZolWua7NDIcJKKUP] Processed:  App\Notifications\MailConfirmation
[2019-02-21 10:30:49][cFTqmJOWFVoavDrlOXI7sfaVzxqEXoIs] Processing: App\Notifications\MailConfirmation
[2019-02-21 10:30:49][cFTqmJOWFVoavDrlOXI7sfaVzxqEXoIs] Processing: App\Notifications\MailConfirmation
[2019-02-21 10:30:49][cFTqmJOWFVoavDrlOXI7sfaVzxqEXoIs] Processing: App\Notifications\MailConfirmation
[2019-02-21 10:30:49][cFTqmJOWFVoavDrlOXI7sfaVzxqEXoIs] Failed:     App\Notifications\MailConfirmation
[2019-02-21 10:33:28][WGQNBBK8zsbk9lSkhsW1VuPz04WWfXs3] Processing: App\Notifications\MailConfirmation
[2019-02-21 10:33:28][WGQNBBK8zsbk9lSkhsW1VuPz04WWfXs3] Processing: App\Notifications\MailConfirmation
[2019-02-21 10:33:28][WGQNBBK8zsbk9lSkhsW1VuPz04WWfXs3] Processing: App\Notifications\MailConfirmation
[2019-02-21 10:33:28][WGQNBBK8zsbk9lSkhsW1VuPz04WWfXs3] Failed:     App\Notifications\MailConfirmation
[2019-02-21 10:49:06][dxTFu5pSUJ26mcFUZd5Ge3t6IkvocLlu] Processing: App\Notifications\MailConfirmation
[2019-02-21 10:49:06][dxTFu5pSUJ26mcFUZd5Ge3t6IkvocLlu] Processing: App\Notifications\MailConfirmation
[2019-02-21 10:49:06][dxTFu5pSUJ26mcFUZd5Ge3t6IkvocLlu] Processing: App\Notifications\MailConfirmation
[2019-02-21 10:49:06][dxTFu5pSUJ26mcFUZd5Ge3t6IkvocLlu] Failed:     App\Notifications\MailConfirmation
[2019-02-21 10:51:00][PyBtE656fCjxIW9ISgAAXKOFzcjdulIG] Processing: App\Notifications\MailConfirmation
[2019-02-21 10:51:02][PyBtE656fCjxIW9ISgAAXKOFzcjdulIG] Processed:  App\Notifications\MailConfirmation
[2019-02-21 10:51:47][n4Qq1rgKmniG0rUmWkuOy1NDXHCsPu63] Processing: App\Notifications\MailConfirmation
[2019-02-21 10:51:47][n4Qq1rgKmniG0rUmWkuOy1NDXHCsPu63] Processing: App\Notifications\MailConfirmation
[2019-02-21 10:51:47][n4Qq1rgKmniG0rUmWkuOy1NDXHCsPu63] Processing: App\Notifications\MailConfirmation
[2019-02-21 10:51:47][n4Qq1rgKmniG0rUmWkuOy1NDXHCsPu63] Failed:     App\Notifications\MailConfirmation
[2019-02-21 10:53:42][1FcOQjHrndqDOy1bodriYt5UTPYBANuz] Processing: App\Notifications\MailConfirmation
[2019-02-21 10:53:44][1FcOQjHrndqDOy1bodriYt5UTPYBANuz] Processed:  App\Notifications\MailConfirmation
[2019-02-21 10:55:02][hK5kYlMpjd7v4vKEUJbgLbXK7150MDNC] Processing: App\Notifications\MailConfirmation
[2019-02-21 10:55:04][hK5kYlMpjd7v4vKEUJbgLbXK7150MDNC] Processed:  App\Notifications\MailConfirmation
[2019-02-21 11:11:40][2FnooyfwWTo8jyrgYamVFlsRiRwJhpLr] Processing: App\Notifications\MailConfirmation
[2019-02-21 11:11:46][2FnooyfwWTo8jyrgYamVFlsRiRwJhpLr] Processed:  App\Notifications\MailConfirmation
[2019-02-21 11:16:04][wFIe4cxIa7GNG29XiloNv51VrGbcNDX9] Processing: App\Notifications\MailConfirmation
[2019-02-21 11:16:04][wFIe4cxIa7GNG29XiloNv51VrGbcNDX9] Processing: App\Notifications\MailConfirmation
[2019-02-21 11:16:04][wFIe4cxIa7GNG29XiloNv51VrGbcNDX9] Processing: App\Notifications\MailConfirmation
[2019-02-21 11:16:04][wFIe4cxIa7GNG29XiloNv51VrGbcNDX9] Failed:     App\Notifications\MailConfirmation
[2019-02-21 11:16:44][wrvn3nvFVMjRRfjTxJ4kXQefAszRC0Ur] Processing: App\Notifications\MailConfirmation
[2019-02-21 11:16:44][wrvn3nvFVMjRRfjTxJ4kXQefAszRC0Ur] Processing: App\Notifications\MailConfirmation
[2019-02-21 11:16:44][wrvn3nvFVMjRRfjTxJ4kXQefAszRC0Ur] Processing: App\Notifications\MailConfirmation
[2019-02-21 11:16:44][wrvn3nvFVMjRRfjTxJ4kXQefAszRC0Ur] Failed:     App\Notifications\MailConfirmation
[2019-02-21 11:17:14][K5FvTQl2iT9w7zY596MqxCmnTs0NLtWm] Processing: App\Notifications\MailConfirmation
[2019-02-21 11:17:16][K5FvTQl2iT9w7zY596MqxCmnTs0NLtWm] Processed:  App\Notifications\MailConfirmation
[2019-02-21 11:25:59][MKAFopd2KFCoNQ0M0FFg9aJSMo4CfA0n] Processing: App\Notifications\MailConfirmation
[2019-02-21 11:25:59][MKAFopd2KFCoNQ0M0FFg9aJSMo4CfA0n] Processing: App\Notifications\MailConfirmation
[2019-02-21 11:25:59][MKAFopd2KFCoNQ0M0FFg9aJSMo4CfA0n] Processing: App\Notifications\MailConfirmation
[2019-02-21 11:25:59][MKAFopd2KFCoNQ0M0FFg9aJSMo4CfA0n] Failed:     App\Notifications\MailConfirmation
[2019-02-21 11:28:51][OHtTs6PGCaHSgzmMAGmO3txWKSp7oxKw] Processing: App\Notifications\MailConfirmation
[2019-02-21 11:28:51][OHtTs6PGCaHSgzmMAGmO3txWKSp7oxKw] Processing: App\Notifications\MailConfirmation
[2019-02-21 11:28:51][OHtTs6PGCaHSgzmMAGmO3txWKSp7oxKw] Processing: App\Notifications\MailConfirmation
[2019-02-21 11:28:51][OHtTs6PGCaHSgzmMAGmO3txWKSp7oxKw] Failed:     App\Notifications\MailConfirmation
[2019-02-21 11:29:54][Xtode0Fal3vAIYK3CmfPIgkUopiioSEv] Processing: App\Notifications\MailConfirmation
[2019-02-21 11:29:54][Xtode0Fal3vAIYK3CmfPIgkUopiioSEv] Processing: App\Notifications\MailConfirmation
[2019-02-21 11:29:54][Xtode0Fal3vAIYK3CmfPIgkUopiioSEv] Processing: App\Notifications\MailConfirmation
[2019-02-21 11:29:54][Xtode0Fal3vAIYK3CmfPIgkUopiioSEv] Failed:     App\Notifications\MailConfirmation
[2019-02-21 11:31:04][Y7E8qIaVsuiDAHBaQE1Ozw0gRY9ERIIC] Processing: App\Notifications\MailConfirmation
[2019-02-21 11:31:06][Y7E8qIaVsuiDAHBaQE1Ozw0gRY9ERIIC] Processed:  App\Notifications\MailConfirmation
[2019-02-21 11:32:42][qWjOH1oYJS67oUvZwFIaGSiq6HFY3QYa] Processing: App\Notifications\MailConfirmation
[2019-02-21 11:32:44][qWjOH1oYJS67oUvZwFIaGSiq6HFY3QYa] Processed:  App\Notifications\MailConfirmation
[2019-02-21 11:34:53][uDgDJlu1xnWksokQhG0bWJ789PlRaQpO] Processing: App\Notifications\MailConfirmation
[2019-02-21 11:34:55][uDgDJlu1xnWksokQhG0bWJ789PlRaQpO] Processed:  App\Notifications\MailConfirmation
[2019-02-21 11:35:07][N1VyBGqn4u419pGxGkHUBtJwFjohCve9] Processing: App\Notifications\MailConfirmation
[2019-02-21 11:35:09][N1VyBGqn4u419pGxGkHUBtJwFjohCve9] Processed:  App\Notifications\MailConfirmation
[2019-02-21 11:46:11][iekYN6KQI96lKmJ6JZz0XLxprIhrKwI6] Processing: App\Notifications\MailConfirmation
[2019-02-21 11:46:13][iekYN6KQI96lKmJ6JZz0XLxprIhrKwI6] Processed:  App\Notifications\MailConfirmation
[2019-02-21 11:47:08][WQDSDmRBBraxh7WlIRlHSI5TuVCVbeG3] Processing: App\Notifications\MailConfirmation
[2019-02-21 11:47:09][WQDSDmRBBraxh7WlIRlHSI5TuVCVbeG3] Processed:  App\Notifications\MailConfirmation
[2019-02-21 11:59:51][chraAo6PmJCM7HHQWclcu4t38HEuj7cP] Processing: App\Notifications\MailConfirmation
[2019-02-21 11:59:53][chraAo6PmJCM7HHQWclcu4t38HEuj7cP] Processed:  App\Notifications\MailConfirmation
[2019-02-21 12:03:18][VYUChajEO076zinxu73qWVo1UdgBjqN3] Processing: App\Notifications\MailConfirmation
[2019-02-21 12:03:18][VYUChajEO076zinxu73qWVo1UdgBjqN3] Processing: App\Notifications\MailConfirmation
[2019-02-21 12:03:18][VYUChajEO076zinxu73qWVo1UdgBjqN3] Processing: App\Notifications\MailConfirmation
[2019-02-21 12:03:18][VYUChajEO076zinxu73qWVo1UdgBjqN3] Failed:     App\Notifications\MailConfirmation
[2019-02-21 12:12:44][RKA2JPYicsSoWCV6uvrf7aOSjvTGhJIk] Processing: App\Notifications\MailConfirmation
[2019-02-21 12:12:44][RKA2JPYicsSoWCV6uvrf7aOSjvTGhJIk] Processing: App\Notifications\MailConfirmation
[2019-02-21 12:12:44][RKA2JPYicsSoWCV6uvrf7aOSjvTGhJIk] Processing: App\Notifications\MailConfirmation
[2019-02-21 12:12:44][RKA2JPYicsSoWCV6uvrf7aOSjvTGhJIk] Failed:     App\Notifications\MailConfirmation
[2019-02-21 12:13:21][AEY2tg5wVLRo9R4g7IG9ltLrPifmLTUt] Processing: App\Notifications\MailConfirmation
[2019-02-21 12:13:23][AEY2tg5wVLRo9R4g7IG9ltLrPifmLTUt] Processed:  App\Notifications\MailConfirmation
[2019-02-21 12:14:42][LjfR9ex08Kak3O3p7Nuj6DYD1jrBJavF] Processing: App\Notifications\MailConfirmation
[2019-02-21 12:14:44][LjfR9ex08Kak3O3p7Nuj6DYD1jrBJavF] Processed:  App\Notifications\MailConfirmation
[2019-02-21 12:18:14][absp6JN8BHv0ECBMtpIwEehVlL7ZwOTA] Processing: App\Notifications\MailConfirmation
[2019-02-21 12:18:16][absp6JN8BHv0ECBMtpIwEehVlL7ZwOTA] Processed:  App\Notifications\MailConfirmation
[2019-02-21 12:27:35][u4vg2aeAsO3bxqCefpb5TyiU0X5TvEiO] Processing: App\Notifications\MailConfirmation
[2019-02-21 12:27:37][u4vg2aeAsO3bxqCefpb5TyiU0X5TvEiO] Processed:  App\Notifications\MailConfirmation
[2019-02-21 12:29:16][PfDAwUr00BF1CphXLmj9SmNjZt2ATbSU] Processing: App\Notifications\MailConfirmation
[2019-02-21 12:29:19][PfDAwUr00BF1CphXLmj9SmNjZt2ATbSU] Processed:  App\Notifications\MailConfirmation
[2019-02-21 12:35:04][heHpUB27gYW9nGZo3PMDbdGQReAoatoO] Processing: App\Notifications\MailConfirmation
[2019-02-21 12:35:06][heHpUB27gYW9nGZo3PMDbdGQReAoatoO] Processed:  App\Notifications\MailConfirmation
[2019-02-21 12:36:51][92BkHRDCTmmqiXT3nZJfGLKhFJiZJTnU] Processing: App\Notifications\MailConfirmation
[2019-02-21 12:36:53][92BkHRDCTmmqiXT3nZJfGLKhFJiZJTnU] Processed:  App\Notifications\MailConfirmation
[2019-02-21 12:38:29][b8o6RS9QAdqWFrdRyGT8MYkC7fYymiKb] Processing: App\Notifications\MailConfirmation
[2019-02-21 12:38:31][b8o6RS9QAdqWFrdRyGT8MYkC7fYymiKb] Processed:  App\Notifications\MailConfirmation
